[0m[[0m[0mdebug[0m] [0m[0m> Exec(submit ikebarry2012@gmail.com uxmvb7eUUwZrfBee, Some(ff1b6d94-d541-4cd0-9e6d-3a2b90c2541e), Some(CommandSource(console0)))[0m
[0m[[0m[0mdebug[0m] [0m[0mEvaluating tasks: submit[0m
[0m[[0m[0mdebug[0m] [0m[0mRunning task... Cancel: Signal, check cycles: false, forcegc: true[0m
[0m[[0m[0minfo[0m] [0m[0mRunning scalafix on 3 Scala sources[0m
[0m[[0m[0minfo[0m] [0m[0mAttempting to submit "recfun" assignment in "progfun1" course[0m
[0m[[0m[0minfo[0m] [0m[0mUsing:[0m
[0m[[0m[0minfo[0m] [0m[0m- email: ikebarry2012@gmail.com[0m
[0m[[0m[0minfo[0m] [0m[0m- submit token: uxmvb7eUUwZrfBee[0m
[0m[[0m[0minfo[0m] [0m[0mConnecting to Coursera...[0m
[0m[[0m[0minfo[0m] [0m[0mSuccessfully connected to Coursera. (Status 201)[0m
[0m[[0m[0minfo[0m] [0m[0m[0m
[0m[[0m[0minfo[0m] [0m[0mAssignment submitted successfully![0m
[0m[[0m[0minfo[0m] [0m[0m[0m
[0m[[0m[0minfo[0m] [0m[0mYou can see how you scored by going to:[0m
[0m[[0m[0minfo[0m] [0m[0mhttps://www.coursera.org/learn/progfun1/programming/LBd0s/[0m
[0m[[0m[0minfo[0m] [0m[0mor (for premium learners):[0m
[0m[[0m[0minfo[0m] [0m[0mhttps://www.coursera.org/learn/progfun1/programming/Ey6Jf[0m
[0m[[0m[0minfo[0m] [0m[0m                       [0m
[0m[[0m[0minfo[0m] [0m[0mand clicking on "My Submission".[0m
[0m[[0m[32msuccess[0m] [0m[0mTotal time: 15 s, completed 14 juil. 2021 22:38:09[0m
[0m[[0m[0mdebug[0m] [0m[0m> Exec(shell, None, None)[0m
